# JRE version: OpenJDK Runtime Environment Temurin-17.0.6+10 (17.0.6+10) (build 17.0.6+10)
# Java VM: OpenJDK 64-Bit Server VM Temurin-17.0.6+10 (17.0.6+10, mixed mode, tiered, compressed oops, compressed class ptrs, parallel gc, windows-amd64)
GC Precious Log:
 CPUs: 4 total, 4 available
 Memory: 6059M
 Large Page Support: Disabled
 NUMA Support: Disabled
 Compressed Oops: Enabled (32-bit)
 Alignments: Space 512K, Generation 512K, Heap 2M
 Heap Min Capacity: 100M
 Heap Initial Capacity: 100M
 Heap Max Capacity: 1G
 Pre-touch: Disabled
 Parallel Workers: 4
Heap:
 PSYoungGen      total 12800K, used 2138K [0x00000000eab00000, 0x00000000ebb00000, 0x0000000100000000)
  eden space 10240K, 0% used [0x00000000eab00000,0x00000000eab00000,0x00000000eb500000)
  from space 2560K, 83% used [0x00000000eb500000,0x00000000eb716978,0x00000000eb780000)
  to   space 2560K, 0% used [0x00000000eb880000,0x00000000eb880000,0x00000000ebb00000)
 ParOldGen       total 196608K, used 196343K [0x00000000c0000000, 0x00000000cc000000, 0x00000000eab00000)
  object space 196608K, 99% used [0x00000000c0000000,0x00000000cbfbdf28,0x00000000cc000000)
 Metaspace       used 62276K, committed 63488K, reserved 1114112K
  class space    used 6501K, committed 6976K, reserved 1048576K
GC Heap History (20 events):
Event: 27.406 GC heap after
{Heap after GC invocations=208 (full 8):
 PSYoungGen      total 7168K, used 1074K [0x00000000eab00000, 0x00000000eb400000, 0x0000000100000000)
  eden space 5632K, 0% used [0x00000000eab00000,0x00000000eab00000,0x00000000eb080000)
  from space 1536K, 69% used [0x00000000eb280000,0x00000000eb38c8c0,0x00000000eb400000)
  to   space 1536K, 0% used [0x00000000eb100000,0x00000000eb100000,0x00000000eb280000)
 ParOldGen       total 196608K, used 182941K [0x00000000c0000000, 0x00000000cc000000, 0x00000000eab00000)
  object space 196608K, 93% used [0x00000000c0000000,0x00000000cb2a7740,0x00000000cc000000)
 Metaspace       used 62273K, committed 63488K, reserved 1114112K
  class space    used 6501K, committed 6976K, reserved 1048576K
}
Event: 27.426 GC heap before
{Heap before GC invocations=209 (full 8):
 PSYoungGen      total 7168K, used 6652K [0x00000000eab00000, 0x00000000eb400000, 0x0000000100000000)
  eden space 5632K, 99% used [0x00000000eab00000,0x00000000eb072b08,0x00000000eb080000)
  from space 1536K, 69% used [0x00000000eb280000,0x00000000eb38c8c0,0x00000000eb400000)
  to   space 1536K, 0% used [0x00000000eb100000,0x00000000eb100000,0x00000000eb280000)
 ParOldGen       total 196608K, used 182941K [0x00000000c0000000, 0x00000000cc000000, 0x00000000eab00000)
  object space 196608K, 93% used [0x00000000c0000000,0x00000000cb2a7740,0x00000000cc000000)
 Metaspace       used 62273K, committed 63488K, reserved 1114112K
  class space    used 6501K, committed 6976K, reserved 1048576K
}
Event: 27.429 GC heap after
{Heap after GC invocations=209 (full 8):
 PSYoungGen      total 7680K, used 1126K [0x00000000eab00000, 0x00000000eb480000, 0x0000000100000000)
  eden space 6144K, 0% used [0x00000000eab00000,0x00000000eab00000,0x00000000eb100000)
  from space 1536K, 73% used [0x00000000eb100000,0x00000000eb2199c8,0x00000000eb280000)
  to   space 1536K, 0% used [0x00000000eb300000,0x00000000eb300000,0x00000000eb480000)
 ParOldGen       total 196608K, used 183980K [0x00000000c0000000, 0x00000000cc000000, 0x00000000eab00000)
  object space 196608K, 93% used [0x00000000c0000000,0x00000000cb3ab1e8,0x00000000cc000000)
 Metaspace       used 62273K, committed 63488K, reserved 1114112K
  class space    used 6501K, committed 6976K, reserved 1048576K
}
Event: 27.447 GC heap before
{Heap before GC invocations=210 (full 8):
 PSYoungGen      total 7680K, used 7217K [0x00000000eab00000, 0x00000000eb480000, 0x0000000100000000)
  eden space 6144K, 99% used [0x00000000eab00000,0x00000000eb0f2a80,0x00000000eb100000)
  from space 1536K, 73% used [0x00000000eb100000,0x00000000eb2199c8,0x00000000eb280000)
  to   space 1536K, 0% used [0x00000000eb300000,0x00000000eb300000,0x00000000eb480000)
 ParOldGen       total 196608K, used 183980K [0x00000000c0000000, 0x00000000cc000000, 0x00000000eab00000)
  object space 196608K, 93% used [0x00000000c0000000,0x00000000cb3ab1e8,0x00000000cc000000)
 Metaspace       used 62273K, committed 63488K, reserved 1114112K
  class space    used 6501K, committed 6976K, reserved 1048576K
}
Event: 27.450 GC heap after
{Heap after GC invocations=210 (full 8):
 PSYoungGen      total 8192K, used 1473K [0x00000000eab00000, 0x00000000eb500000, 0x0000000100000000)
  eden space 6656K, 0% used [0x00000000eab00000,0x00000000eab00000,0x00000000eb180000)
  from space 1536K, 95% used [0x00000000eb300000,0x00000000eb470798,0x00000000eb480000)
  to   space 1536K, 0% used [0x00000000eb180000,0x00000000eb180000,0x00000000eb300000)
 ParOldGen       total 196608K, used 185068K [0x00000000c0000000, 0x00000000cc000000, 0x00000000eab00000)
  object space 196608K, 94% used [0x00000000c0000000,0x00000000cb4bb0a8,0x00000000cc000000)
 Metaspace       used 62273K, committed 63488K, reserved 1114112K
  class space    used 6501K, committed 6976K, reserved 1048576K
}
Event: 27.474 GC heap before
{Heap before GC invocations=211 (full 8):
 PSYoungGen      total 8192K, used 8129K [0x00000000eab00000, 0x00000000eb500000, 0x0000000100000000)
  eden space 6656K, 100% used [0x00000000eab00000,0x00000000eb180000,0x00000000eb180000)
  from space 1536K, 95% used [0x00000000eb300000,0x00000000eb470798,0x00000000eb480000)
  to   space 1536K, 0% used [0x00000000eb180000,0x00000000eb180000,0x00000000eb300000)
 ParOldGen       total 196608K, used 185068K [0x00000000c0000000, 0x00000000cc000000, 0x00000000eab00000)
  object space 196608K, 94% used [0x00000000c0000000,0x00000000cb4bb0a8,0x00000000cc000000)
 Metaspace       used 62273K, committed 63488K, reserved 1114112K
  class space    used 6501K, committed 6976K, reserved 1048576K
}
Event: 27.477 GC heap after
{Heap after GC invocations=211 (full 8):
 PSYoungGen      total 8192K, used 1434K [0x00000000eab00000, 0x00000000eb580000, 0x0000000100000000)
  eden space 6656K, 0% used [0x00000000eab00000,0x00000000eab00000,0x00000000eb180000)
  from space 1536K, 93% used [0x00000000eb180000,0x00000000eb2e68d0,0x00000000eb300000)
  to   space 1536K, 0% used [0x00000000eb400000,0x00000000eb400000,0x00000000eb580000)
 ParOldGen       total 196608K, used 186359K [0x00000000c0000000, 0x00000000cc000000, 0x00000000eab00000)
  object space 196608K, 94% used [0x00000000c0000000,0x00000000cb5fdf58,0x00000000cc000000)
 Metaspace       used 62273K, committed 63488K, reserved 1114112K
  class space    used 6501K, committed 6976K, reserved 1048576K
}
Event: 27.497 GC heap before
{Heap before GC invocations=212 (full 8):
 PSYoungGen      total 8192K, used 8028K [0x00000000eab00000, 0x00000000eb580000, 0x0000000100000000)
  eden space 6656K, 99% used [0x00000000eab00000,0x00000000eb170b28,0x00000000eb180000)
  from space 1536K, 93% used [0x00000000eb180000,0x00000000eb2e68d0,0x00000000eb300000)
  to   space 1536K, 0% used [0x00000000eb400000,0x00000000eb400000,0x00000000eb580000)
 ParOldGen       total 196608K, used 186359K [0x00000000c0000000, 0x00000000cc000000, 0x00000000eab00000)
  object space 196608K, 94% used [0x00000000c0000000,0x00000000cb5fdf58,0x00000000cc000000)
 Metaspace       used 62273K, committed 63488K, reserved 1114112K
  class space    used 6501K, committed 6976K, reserved 1048576K
}
Event: 27.499 GC heap after
{Heap after GC invocations=212 (full 8):
 PSYoungGen      total 9216K, used 1504K [0x00000000eab00000, 0x00000000eb580000, 0x0000000100000000)
  eden space 7680K, 0% used [0x00000000eab00000,0x00000000eab00000,0x00000000eb280000)
  from space 1536K, 97% used [0x00000000eb400000,0x00000000eb578038,0x00000000eb580000)
  to   space 1536K, 0% used [0x00000000eb280000,0x00000000eb280000,0x00000000eb400000)
 ParOldGen       total 196608K, used 187765K [0x00000000c0000000, 0x00000000cc000000, 0x00000000eab00000)
  object space 196608K, 95% used [0x00000000c0000000,0x00000000cb75d7a8,0x00000000cc000000)
 Metaspace       used 62273K, committed 63488K, reserved 1114112K
  class space    used 6501K, committed 6976K, reserved 1048576K
}
Event: 27.526 GC heap before
{Heap before GC invocations=213 (full 8):
 PSYoungGen      total 9216K, used 9171K [0x00000000eab00000, 0x00000000eb580000, 0x0000000100000000)
  eden space 7680K, 99% used [0x00000000eab00000,0x00000000eb27cd10,0x00000000eb280000)
  from space 1536K, 97% used [0x00000000eb400000,0x00000000eb578038,0x00000000eb580000)
  to   space 1536K, 0% used [0x00000000eb280000,0x00000000eb280000,0x00000000eb400000)
 ParOldGen       total 196608K, used 187765K [0x00000000c0000000, 0x00000000cc000000, 0x00000000eab00000)
  object space 196608K, 95% used [0x00000000c0000000,0x00000000cb75d7a8,0x00000000cc000000)
 Metaspace       used 62273K, committed 63488K, reserved 1114112K
  class space    used 6501K, committed 6976K, reserved 1048576K
}
Event: 27.529 GC heap after
{Heap after GC invocations=213 (full 8):
 PSYoungGen      total 9216K, used 1519K [0x00000000eab00000, 0x00000000eba80000, 0x0000000100000000)
  eden space 7680K, 0% used [0x00000000eab00000,0x00000000eab00000,0x00000000eb280000)
  from space 1536K, 98% used [0x00000000eb280000,0x00000000eb3fbd10,0x00000000eb400000)
  to   space 3584K, 0% used [0x00000000eb700000,0x00000000eb700000,0x00000000eba80000)
 ParOldGen       total 196608K, used 189213K [0x00000000c0000000, 0x00000000cc000000, 0x00000000eab00000)
  object space 196608K, 96% used [0x00000000c0000000,0x00000000cb8c7498,0x00000000cc000000)
 Metaspace       used 62273K, committed 63488K, reserved 1114112K
  class space    used 6501K, committed 6976K, reserved 1048576K
}
Event: 27.557 GC heap before
{Heap before GC invocations=214 (full 8):
 PSYoungGen      total 9216K, used 9199K [0x00000000eab00000, 0x00000000eba80000, 0x0000000100000000)
  eden space 7680K, 100% used [0x00000000eab00000,0x00000000eb280000,0x00000000eb280000)
  from space 1536K, 98% used [0x00000000eb280000,0x00000000eb3fbd10,0x00000000eb400000)
  to   space 3584K, 0% used [0x00000000eb700000,0x00000000eb700000,0x00000000eba80000)
 ParOldGen       total 196608K, used 189213K [0x00000000c0000000, 0x00000000cc000000, 0x00000000eab00000)
  object space 196608K, 96% used [0x00000000c0000000,0x00000000cb8c7498,0x00000000cc000000)
 Metaspace       used 62273K, committed 63488K, reserved 1114112K
  class space    used 6501K, committed 6976K, reserved 1048576K
}
Event: 27.561 GC heap after
{Heap after GC invocations=214 (full 8):
 PSYoungGen      total 10752K, used 1628K [0x00000000eab00000, 0x00000000eb900000, 0x0000000100000000)
  eden space 8704K, 0% used [0x00000000eab00000,0x00000000eab00000,0x00000000eb380000)
  from space 2048K, 79% used [0x00000000eb700000,0x00000000eb8972e8,0x00000000eb900000)
  to   space 2560K, 0% used [0x00000000eb400000,0x00000000eb400000,0x00000000eb680000)
 ParOldGen       total 196608K, used 190657K [0x00000000c0000000, 0x00000000cc000000, 0x00000000eab00000)
  object space 196608K, 96% used [0x00000000c0000000,0x00000000cba306a0,0x00000000cc000000)
 Metaspace       used 62273K, committed 63488K, reserved 1114112K
  class space    used 6501K, committed 6976K, reserved 1048576K
}
Event: 27.593 GC heap before
{Heap before GC invocations=215 (full 8):
 PSYoungGen      total 10752K, used 10314K [0x00000000eab00000, 0x00000000eb900000, 0x0000000100000000)
  eden space 8704K, 99% used [0x00000000eab00000,0x00000000eb37b868,0x00000000eb380000)
  from space 2048K, 79% used [0x00000000eb700000,0x00000000eb8972e8,0x00000000eb900000)
  to   space 2560K, 0% used [0x00000000eb400000,0x00000000eb400000,0x00000000eb680000)
 ParOldGen       total 196608K, used 190657K [0x00000000c0000000, 0x00000000cc000000, 0x00000000eab00000)
  object space 196608K, 96% used [0x00000000c0000000,0x00000000cba306a0,0x00000000cc000000)
 Metaspace       used 62275K, committed 63488K, reserved 1114112K
  class space    used 6501K, committed 6976K, reserved 1048576K
}
Event: 27.598 GC heap after
{Heap after GC invocations=215 (full 8):
 PSYoungGen      total 11776K, used 1997K [0x00000000eab00000, 0x00000000eba00000, 0x0000000100000000)
  eden space 9216K, 0% used [0x00000000eab00000,0x00000000eab00000,0x00000000eb400000)
  from space 2560K, 78% used [0x00000000eb400000,0x00000000eb5f3780,0x00000000eb680000)
  to   space 2560K, 0% used [0x00000000eb780000,0x00000000eb780000,0x00000000eba00000)
 ParOldGen       total 196608K, used 192235K [0x00000000c0000000, 0x00000000cc000000, 0x00000000eab00000)
  object space 196608K, 97% used [0x00000000c0000000,0x00000000cbbbaec0,0x00000000cc000000)
 Metaspace       used 62275K, committed 63488K, reserved 1114112K
  class space    used 6501K, committed 6976K, reserved 1048576K
}
Event: 27.632 GC heap before
{Heap before GC invocations=216 (full 8):
 PSYoungGen      total 11776K, used 11213K [0x00000000eab00000, 0x00000000eba00000, 0x0000000100000000)
  eden space 9216K, 100% used [0x00000000eab00000,0x00000000eb400000,0x00000000eb400000)
  from space 2560K, 78% used [0x00000000eb400000,0x00000000eb5f3780,0x00000000eb680000)
  to   space 2560K, 0% used [0x00000000eb780000,0x00000000eb780000,0x00000000eba00000)
 ParOldGen       total 196608K, used 192235K [0x00000000c0000000, 0x00000000cc000000, 0x00000000eab00000)
  object space 196608K, 97% used [0x00000000c0000000,0x00000000cbbbaec0,0x00000000cc000000)
 Metaspace       used 62275K, committed 63488K, reserved 1114112K
  class space    used 6501K, committed 6976K, reserved 1048576K
}
Event: 27.636 GC heap after
{Heap after GC invocations=216 (full 8):
 PSYoungGen      total 12800K, used 2233K [0x00000000eab00000, 0x00000000eba00000, 0x0000000100000000)
  eden space 10240K, 0% used [0x00000000eab00000,0x00000000eab00000,0x00000000eb500000)
  from space 2560K, 87% used [0x00000000eb780000,0x00000000eb9ae450,0x00000000eba00000)
  to   space 2560K, 0% used [0x00000000eb500000,0x00000000eb500000,0x00000000eb780000)
 ParOldGen       total 196608K, used 194172K [0x00000000c0000000, 0x00000000cc000000, 0x00000000eab00000)
  object space 196608K, 98% used [0x00000000c0000000,0x00000000cbd9f240,0x00000000cc000000)
 Metaspace       used 62275K, committed 63488K, reserved 1114112K
  class space    used 6501K, committed 6976K, reserved 1048576K
}
Event: 27.676 GC heap before
{Heap before GC invocations=217 (full 8):
 PSYoungGen      total 12800K, used 12473K [0x00000000eab00000, 0x00000000eba00000, 0x0000000100000000)
  eden space 10240K, 100% used [0x00000000eab00000,0x00000000eb500000,0x00000000eb500000)
  from space 2560K, 87% used [0x00000000eb780000,0x00000000eb9ae450,0x00000000eba00000)
  to   space 2560K, 0% used [0x00000000eb500000,0x00000000eb500000,0x00000000eb780000)
 ParOldGen       total 196608K, used 194172K [0x00000000c0000000, 0x00000000cc000000, 0x00000000eab00000)
  object space 196608K, 98% used [0x00000000c0000000,0x00000000cbd9f240,0x00000000cc000000)
 Metaspace       used 62276K, committed 63488K, reserved 1114112K
  class space    used 6501K, committed 6976K, reserved 1048576K
}
Event: 27.680 GC heap after
{Heap after GC invocations=217 (full 8):
 PSYoungGen      total 12800K, used 2138K [0x00000000eab00000, 0x00000000ebb00000, 0x0000000100000000)
  eden space 10240K, 0% used [0x00000000eab00000,0x00000000eab00000,0x00000000eb500000)
  from space 2560K, 83% used [0x00000000eb500000,0x00000000eb716978,0x00000000eb780000)
  to   space 2560K, 0% used [0x00000000eb880000,0x00000000eb880000,0x00000000ebb00000)
 ParOldGen       total 196608K, used 196343K [0x00000000c0000000, 0x00000000cc000000, 0x00000000eab00000)
  object space 196608K, 99% used [0x00000000c0000000,0x00000000cbfbdf28,0x00000000cc000000)
 Metaspace       used 62276K, committed 63488K, reserved 1114112K
  class space    used 6501K, committed 6976K, reserved 1048576K
}
Event: 27.680 GC heap before
{Heap before GC invocations=218 (full 9):
 PSYoungGen      total 12800K, used 2138K [0x00000000eab00000, 0x00000000ebb00000, 0x0000000100000000)
  eden space 10240K, 0% used [0x00000000eab00000,0x00000000eab00000,0x00000000eb500000)
  from space 2560K, 83% used [0x00000000eb500000,0x00000000eb716978,0x00000000eb780000)
  to   space 2560K, 0% used [0x00000000eb880000,0x00000000eb880000,0x00000000ebb00000)
 ParOldGen       total 196608K, used 196343K [0x00000000c0000000, 0x00000000cc000000, 0x00000000eab00000)
  object space 196608K, 99% used [0x00000000c0000000,0x00000000cbfbdf28,0x00000000cc000000)
 Metaspace       used 62276K, committed 63488K, reserved 1114112K
  class space    used 6501K, committed 6976K, reserved 1048576K
}

