# JRE version: OpenJDK Runtime Environment Temurin-17.0.6+10 (17.0.6+10) (build 17.0.6+10)
# Java VM: OpenJDK 64-Bit Server VM Temurin-17.0.6+10 (17.0.6+10, mixed mode, tiered, compressed oops, compressed class ptrs, parallel gc, windows-amd64)
GC Precious Log:
 CPUs: 4 total, 4 available
 Memory: 6059M
 Large Page Support: Disabled
 NUMA Support: Disabled
 Compressed Oops: Enabled (32-bit)
 Alignments: Space 512K, Generation 512K, Heap 2M
 Heap Min Capacity: 100M
 Heap Initial Capacity: 100M
 Heap Max Capacity: 1G
 Pre-touch: Disabled
 Parallel Workers: 4
Heap:
 PSYoungGen      total 2048K, used 256K [0x00000000eab00000, 0x00000000eae00000, 0x0000000100000000)
  eden space 1536K, 0% used [0x00000000eab00000,0x00000000eab00000,0x00000000eac80000)
  from space 512K, 50% used [0x00000000ead80000,0x00000000eadc0000,0x00000000eae00000)
  to   space 512K, 0% used [0x00000000ead00000,0x00000000ead00000,0x00000000ead80000)
 ParOldGen       total 121344K, used 121282K [0x00000000c0000000, 0x00000000c7680000, 0x00000000eab00000)
  object space 121344K, 99% used [0x00000000c0000000,0x00000000c7670998,0x00000000c7680000)
 Metaspace       used 76509K, committed 78080K, reserved 1122304K
  class space    used 7714K, committed 8256K, reserved 1048576K
GC Heap History (20 events):
Event: 4402.947 GC heap after
{Heap after GC invocations=3527 (full 49):
 PSYoungGen      total 2048K, used 299K [0x00000000eab00000, 0x00000000eae00000, 0x0000000100000000)
  eden space 1536K, 0% used [0x00000000eab00000,0x00000000eab00000,0x00000000eac80000)
  from space 512K, 58% used [0x00000000ead00000,0x00000000ead4ae80,0x00000000ead80000)
  to   space 512K, 0% used [0x00000000ead80000,0x00000000ead80000,0x00000000eae00000)
 ParOldGen       total 121344K, used 119698K [0x00000000c0000000, 0x00000000c7680000, 0x00000000eab00000)
  object space 121344K, 98% used [0x00000000c0000000,0x00000000c74e4998,0x00000000c7680000)
 Metaspace       used 76509K, committed 78080K, reserved 1122304K
  class space    used 7714K, committed 8256K, reserved 1048576K
}
Event: 4402.965 GC heap before
{Heap before GC invocations=3528 (full 49):
 PSYoungGen      total 2048K, used 1835K [0x00000000eab00000, 0x00000000eae00000, 0x0000000100000000)
  eden space 1536K, 100% used [0x00000000eab00000,0x00000000eac80000,0x00000000eac80000)
  from space 512K, 58% used [0x00000000ead00000,0x00000000ead4ae80,0x00000000ead80000)
  to   space 512K, 0% used [0x00000000ead80000,0x00000000ead80000,0x00000000eae00000)
 ParOldGen       total 121344K, used 119698K [0x00000000c0000000, 0x00000000c7680000, 0x00000000eab00000)
  object space 121344K, 98% used [0x00000000c0000000,0x00000000c74e4998,0x00000000c7680000)
 Metaspace       used 76509K, committed 78080K, reserved 1122304K
  class space    used 7714K, committed 8256K, reserved 1048576K
}
Event: 4402.967 GC heap after
{Heap after GC invocations=3528 (full 49):
 PSYoungGen      total 2048K, used 224K [0x00000000eab00000, 0x00000000eae00000, 0x0000000100000000)
  eden space 1536K, 0% used [0x00000000eab00000,0x00000000eab00000,0x00000000eac80000)
  from space 512K, 43% used [0x00000000ead80000,0x00000000eadb8000,0x00000000eae00000)
  to   space 512K, 0% used [0x00000000ead00000,0x00000000ead00000,0x00000000ead80000)
 ParOldGen       total 121344K, used 119850K [0x00000000c0000000, 0x00000000c7680000, 0x00000000eab00000)
  object space 121344K, 98% used [0x00000000c0000000,0x00000000c750a998,0x00000000c7680000)
 Metaspace       used 76509K, committed 78080K, reserved 1122304K
  class space    used 7714K, committed 8256K, reserved 1048576K
}
Event: 4402.998 GC heap before
{Heap before GC invocations=3529 (full 49):
 PSYoungGen      total 2048K, used 1753K [0x00000000eab00000, 0x00000000eae00000, 0x0000000100000000)
  eden space 1536K, 99% used [0x00000000eab00000,0x00000000eac7e5b8,0x00000000eac80000)
  from space 512K, 43% used [0x00000000ead80000,0x00000000eadb8000,0x00000000eae00000)
  to   space 512K, 0% used [0x00000000ead00000,0x00000000ead00000,0x00000000ead80000)
 ParOldGen       total 121344K, used 119850K [0x00000000c0000000, 0x00000000c7680000, 0x00000000eab00000)
  object space 121344K, 98% used [0x00000000c0000000,0x00000000c750a998,0x00000000c7680000)
 Metaspace       used 76509K, committed 78080K, reserved 1122304K
  class space    used 7714K, committed 8256K, reserved 1048576K
}
Event: 4403.000 GC heap after
{Heap after GC invocations=3529 (full 49):
 PSYoungGen      total 2048K, used 294K [0x00000000eab00000, 0x00000000eae00000, 0x0000000100000000)
  eden space 1536K, 0% used [0x00000000eab00000,0x00000000eab00000,0x00000000eac80000)
  from space 512K, 57% used [0x00000000ead00000,0x00000000ead49a68,0x00000000ead80000)
  to   space 512K, 0% used [0x00000000ead80000,0x00000000ead80000,0x00000000eae00000)
 ParOldGen       total 121344K, used 120034K [0x00000000c0000000, 0x00000000c7680000, 0x00000000eab00000)
  object space 121344K, 98% used [0x00000000c0000000,0x00000000c7538998,0x00000000c7680000)
 Metaspace       used 76509K, committed 78080K, reserved 1122304K
  class space    used 7714K, committed 8256K, reserved 1048576K
}
Event: 4403.018 GC heap before
{Heap before GC invocations=3530 (full 49):
 PSYoungGen      total 2048K, used 1829K [0x00000000eab00000, 0x00000000eae00000, 0x0000000100000000)
  eden space 1536K, 99% used [0x00000000eab00000,0x00000000eac7fb40,0x00000000eac80000)
  from space 512K, 57% used [0x00000000ead00000,0x00000000ead49a68,0x00000000ead80000)
  to   space 512K, 0% used [0x00000000ead80000,0x00000000ead80000,0x00000000eae00000)
 ParOldGen       total 121344K, used 120034K [0x00000000c0000000, 0x00000000c7680000, 0x00000000eab00000)
  object space 121344K, 98% used [0x00000000c0000000,0x00000000c7538998,0x00000000c7680000)
 Metaspace       used 76509K, committed 78080K, reserved 1122304K
  class space    used 7714K, committed 8256K, reserved 1048576K
}
Event: 4403.020 GC heap after
{Heap after GC invocations=3530 (full 49):
 PSYoungGen      total 2048K, used 224K [0x00000000eab00000, 0x00000000eae00000, 0x0000000100000000)
  eden space 1536K, 0% used [0x00000000eab00000,0x00000000eab00000,0x00000000eac80000)
  from space 512K, 43% used [0x00000000ead80000,0x00000000eadb8000,0x00000000eae00000)
  to   space 512K, 0% used [0x00000000ead00000,0x00000000ead00000,0x00000000ead80000)
 ParOldGen       total 121344K, used 120194K [0x00000000c0000000, 0x00000000c7680000, 0x00000000eab00000)
  object space 121344K, 99% used [0x00000000c0000000,0x00000000c7560998,0x00000000c7680000)
 Metaspace       used 76509K, committed 78080K, reserved 1122304K
  class space    used 7714K, committed 8256K, reserved 1048576K
}
Event: 4403.065 GC heap before
{Heap before GC invocations=3531 (full 49):
 PSYoungGen      total 2048K, used 1760K [0x00000000eab00000, 0x00000000eae00000, 0x0000000100000000)
  eden space 1536K, 100% used [0x00000000eab00000,0x00000000eac80000,0x00000000eac80000)
  from space 512K, 43% used [0x00000000ead80000,0x00000000eadb8000,0x00000000eae00000)
  to   space 512K, 0% used [0x00000000ead00000,0x00000000ead00000,0x00000000ead80000)
 ParOldGen       total 121344K, used 120194K [0x00000000c0000000, 0x00000000c7680000, 0x00000000eab00000)
  object space 121344K, 99% used [0x00000000c0000000,0x00000000c7560998,0x00000000c7680000)
 Metaspace       used 76509K, committed 78080K, reserved 1122304K
  class space    used 7714K, committed 8256K, reserved 1048576K
}
Event: 4403.067 GC heap after
{Heap after GC invocations=3531 (full 49):
 PSYoungGen      total 2048K, used 256K [0x00000000eab00000, 0x00000000eae00000, 0x0000000100000000)
  eden space 1536K, 0% used [0x00000000eab00000,0x00000000eab00000,0x00000000eac80000)
  from space 512K, 50% used [0x00000000ead00000,0x00000000ead40000,0x00000000ead80000)
  to   space 512K, 0% used [0x00000000ead80000,0x00000000ead80000,0x00000000eae00000)
 ParOldGen       total 121344K, used 120370K [0x00000000c0000000, 0x00000000c7680000, 0x00000000eab00000)
  object space 121344K, 99% used [0x00000000c0000000,0x00000000c758c998,0x00000000c7680000)
 Metaspace       used 76509K, committed 78080K, reserved 1122304K
  class space    used 7714K, committed 8256K, reserved 1048576K
}
Event: 4403.092 GC heap before
{Heap before GC invocations=3532 (full 49):
 PSYoungGen      total 2048K, used 1792K [0x00000000eab00000, 0x00000000eae00000, 0x0000000100000000)
  eden space 1536K, 100% used [0x00000000eab00000,0x00000000eac80000,0x00000000eac80000)
  from space 512K, 50% used [0x00000000ead00000,0x00000000ead40000,0x00000000ead80000)
  to   space 512K, 0% used [0x00000000ead80000,0x00000000ead80000,0x00000000eae00000)
 ParOldGen       total 121344K, used 120370K [0x00000000c0000000, 0x00000000c7680000, 0x00000000eab00000)
  object space 121344K, 99% used [0x00000000c0000000,0x00000000c758c998,0x00000000c7680000)
 Metaspace       used 76509K, committed 78080K, reserved 1122304K
  class space    used 7714K, committed 8256K, reserved 1048576K
}
Event: 4403.095 GC heap after
{Heap after GC invocations=3532 (full 49):
 PSYoungGen      total 2048K, used 224K [0x00000000eab00000, 0x00000000eae00000, 0x0000000100000000)
  eden space 1536K, 0% used [0x00000000eab00000,0x00000000eab00000,0x00000000eac80000)
  from space 512K, 43% used [0x00000000ead80000,0x00000000eadb8000,0x00000000eae00000)
  to   space 512K, 0% used [0x00000000ead00000,0x00000000ead00000,0x00000000ead80000)
 ParOldGen       total 121344K, used 120554K [0x00000000c0000000, 0x00000000c7680000, 0x00000000eab00000)
  object space 121344K, 99% used [0x00000000c0000000,0x00000000c75ba998,0x00000000c7680000)
 Metaspace       used 76509K, committed 78080K, reserved 1122304K
  class space    used 7714K, committed 8256K, reserved 1048576K
}
Event: 4403.142 GC heap before
{Heap before GC invocations=3533 (full 49):
 PSYoungGen      total 2048K, used 1760K [0x00000000eab00000, 0x00000000eae00000, 0x0000000100000000)
  eden space 1536K, 100% used [0x00000000eab00000,0x00000000eac80000,0x00000000eac80000)
  from space 512K, 43% used [0x00000000ead80000,0x00000000eadb8000,0x00000000eae00000)
  to   space 512K, 0% used [0x00000000ead00000,0x00000000ead00000,0x00000000ead80000)
 ParOldGen       total 121344K, used 120554K [0x00000000c0000000, 0x00000000c7680000, 0x00000000eab00000)
  object space 121344K, 99% used [0x00000000c0000000,0x00000000c75ba998,0x00000000c7680000)
 Metaspace       used 76509K, committed 78080K, reserved 1122304K
  class space    used 7714K, committed 8256K, reserved 1048576K
}
Event: 4403.144 GC heap after
{Heap after GC invocations=3533 (full 49):
 PSYoungGen      total 2048K, used 224K [0x00000000eab00000, 0x00000000eae00000, 0x0000000100000000)
  eden space 1536K, 0% used [0x00000000eab00000,0x00000000eab00000,0x00000000eac80000)
  from space 512K, 43% used [0x00000000ead00000,0x00000000ead38000,0x00000000ead80000)
  to   space 512K, 0% used [0x00000000ead80000,0x00000000ead80000,0x00000000eae00000)
 ParOldGen       total 121344K, used 120722K [0x00000000c0000000, 0x00000000c7680000, 0x00000000eab00000)
  object space 121344K, 99% used [0x00000000c0000000,0x00000000c75e4998,0x00000000c7680000)
 Metaspace       used 76509K, committed 78080K, reserved 1122304K
  class space    used 7714K, committed 8256K, reserved 1048576K
}
Event: 4403.157 GC heap before
{Heap before GC invocations=3534 (full 49):
 PSYoungGen      total 2048K, used 1759K [0x00000000eab00000, 0x00000000eae00000, 0x0000000100000000)
  eden space 1536K, 99% used [0x00000000eab00000,0x00000000eac7fff0,0x00000000eac80000)
  from space 512K, 43% used [0x00000000ead00000,0x00000000ead38000,0x00000000ead80000)
  to   space 512K, 0% used [0x00000000ead80000,0x00000000ead80000,0x00000000eae00000)
 ParOldGen       total 121344K, used 120722K [0x00000000c0000000, 0x00000000c7680000, 0x00000000eab00000)
  object space 121344K, 99% used [0x00000000c0000000,0x00000000c75e4998,0x00000000c7680000)
 Metaspace       used 76509K, committed 78080K, reserved 1122304K
  class space    used 7714K, committed 8256K, reserved 1048576K
}
Event: 4403.158 GC heap after
{Heap after GC invocations=3534 (full 49):
 PSYoungGen      total 2048K, used 256K [0x00000000eab00000, 0x00000000eae00000, 0x0000000100000000)
  eden space 1536K, 0% used [0x00000000eab00000,0x00000000eab00000,0x00000000eac80000)
  from space 512K, 50% used [0x00000000ead80000,0x00000000eadc0000,0x00000000eae00000)
  to   space 512K, 0% used [0x00000000ead00000,0x00000000ead00000,0x00000000ead80000)
 ParOldGen       total 121344K, used 120898K [0x00000000c0000000, 0x00000000c7680000, 0x00000000eab00000)
  object space 121344K, 99% used [0x00000000c0000000,0x00000000c7610998,0x00000000c7680000)
 Metaspace       used 76509K, committed 78080K, reserved 1122304K
  class space    used 7714K, committed 8256K, reserved 1048576K
}
Event: 4403.170 GC heap before
{Heap before GC invocations=3535 (full 49):
 PSYoungGen      total 2048K, used 1792K [0x00000000eab00000, 0x00000000eae00000, 0x0000000100000000)
  eden space 1536K, 100% used [0x00000000eab00000,0x00000000eac80000,0x00000000eac80000)
  from space 512K, 50% used [0x00000000ead80000,0x00000000eadc0000,0x00000000eae00000)
  to   space 512K, 0% used [0x00000000ead00000,0x00000000ead00000,0x00000000ead80000)
 ParOldGen       total 121344K, used 120898K [0x00000000c0000000, 0x00000000c7680000, 0x00000000eab00000)
  object space 121344K, 99% used [0x00000000c0000000,0x00000000c7610998,0x00000000c7680000)
 Metaspace       used 76509K, committed 78080K, reserved 1122304K
  class space    used 7714K, committed 8256K, reserved 1048576K
}
Event: 4403.171 GC heap after
{Heap after GC invocations=3535 (full 49):
 PSYoungGen      total 2048K, used 224K [0x00000000eab00000, 0x00000000eae00000, 0x0000000100000000)
  eden space 1536K, 0% used [0x00000000eab00000,0x00000000eab00000,0x00000000eac80000)
  from space 512K, 43% used [0x00000000ead00000,0x00000000ead38000,0x00000000ead80000)
  to   space 512K, 0% used [0x00000000ead80000,0x00000000ead80000,0x00000000eae00000)
 ParOldGen       total 121344K, used 121106K [0x00000000c0000000, 0x00000000c7680000, 0x00000000eab00000)
  object space 121344K, 99% used [0x00000000c0000000,0x00000000c7644998,0x00000000c7680000)
 Metaspace       used 76509K, committed 78080K, reserved 1122304K
  class space    used 7714K, committed 8256K, reserved 1048576K
}
Event: 4403.196 GC heap before
{Heap before GC invocations=3536 (full 49):
 PSYoungGen      total 2048K, used 1760K [0x00000000eab00000, 0x00000000eae00000, 0x0000000100000000)
  eden space 1536K, 100% used [0x00000000eab00000,0x00000000eac80000,0x00000000eac80000)
  from space 512K, 43% used [0x00000000ead00000,0x00000000ead38000,0x00000000ead80000)
  to   space 512K, 0% used [0x00000000ead80000,0x00000000ead80000,0x00000000eae00000)
 ParOldGen       total 121344K, used 121106K [0x00000000c0000000, 0x00000000c7680000, 0x00000000eab00000)
  object space 121344K, 99% used [0x00000000c0000000,0x00000000c7644998,0x00000000c7680000)
 Metaspace       used 76509K, committed 78080K, reserved 1122304K
  class space    used 7714K, committed 8256K, reserved 1048576K
}
Event: 4403.198 GC heap after
{Heap after GC invocations=3536 (full 49):
 PSYoungGen      total 2048K, used 256K [0x00000000eab00000, 0x00000000eae00000, 0x0000000100000000)
  eden space 1536K, 0% used [0x00000000eab00000,0x00000000eab00000,0x00000000eac80000)
  from space 512K, 50% used [0x00000000ead80000,0x00000000eadc0000,0x00000000eae00000)
  to   space 512K, 0% used [0x00000000ead00000,0x00000000ead00000,0x00000000ead80000)
 ParOldGen       total 121344K, used 121282K [0x00000000c0000000, 0x00000000c7680000, 0x00000000eab00000)
  object space 121344K, 99% used [0x00000000c0000000,0x00000000c7670998,0x00000000c7680000)
 Metaspace       used 76509K, committed 78080K, reserved 1122304K
  class space    used 7714K, committed 8256K, reserved 1048576K
}
Event: 4403.198 GC heap before
{Heap before GC invocations=3537 (full 50):
 PSYoungGen      total 2048K, used 256K [0x00000000eab00000, 0x00000000eae00000, 0x0000000100000000)
  eden space 1536K, 0% used [0x00000000eab00000,0x00000000eab00000,0x00000000eac80000)
  from space 512K, 50% used [0x00000000ead80000,0x00000000eadc0000,0x00000000eae00000)
  to   space 512K, 0% used [0x00000000ead00000,0x00000000ead00000,0x00000000ead80000)
 ParOldGen       total 121344K, used 121282K [0x00000000c0000000, 0x00000000c7680000, 0x00000000eab00000)
  object space 121344K, 99% used [0x00000000c0000000,0x00000000c7670998,0x00000000c7680000)
 Metaspace       used 76509K, committed 78080K, reserved 1122304K
  class space    used 7714K, committed 8256K, reserved 1048576K
}

